utils  Fri, 29 Aug 2014 15:50:15 INFO start gui monitor
utils  Fri, 29 Aug 2014 15:50:15 INFO start update task progress
utils  Fri, 29 Aug 2014 15:50:15 INFO start task monitor
utils  Fri, 29 Aug 2014 15:50:15 INFO start running monitor
utils  Fri, 29 Aug 2014 15:50:18 INFO right event
utils  Fri, 29 Aug 2014 15:50:21 INFO right event
utils  Fri, 29 Aug 2014 15:50:22 INFO right event
utils  Fri, 29 Aug 2014 15:50:30 INFO received close evnet
utils  Fri, 29 Aug 2014 15:52:44 INFO start gui monitor
utils  Fri, 29 Aug 2014 15:52:44 INFO start update task progress
utils  Fri, 29 Aug 2014 15:52:44 INFO start task monitor
utils  Fri, 29 Aug 2014 15:52:44 INFO start running monitor
utils  Fri, 29 Aug 2014 15:52:46 INFO right event x 76 ,y 128
utils  Fri, 29 Aug 2014 15:52:49 INFO right event x 83 ,y 140
utils  Fri, 29 Aug 2014 15:52:49 INFO right event x 92 ,y 195
utils  Fri, 29 Aug 2014 15:52:51 INFO right event x 542 ,y 53
utils  Fri, 29 Aug 2014 15:52:54 INFO right event x 105 ,y 347
utils  Fri, 29 Aug 2014 15:53:03 INFO right event x 101 ,y 154
utils  Fri, 29 Aug 2014 15:53:22 INFO received close evnet
utils  Fri, 29 Aug 2014 15:59:17 INFO start gui monitor
utils  Fri, 29 Aug 2014 15:59:17 INFO start update task progress
utils  Fri, 29 Aug 2014 15:59:17 INFO start task monitor
utils  Fri, 29 Aug 2014 15:59:17 INFO start running monitor
utils  Fri, 29 Aug 2014 15:59:33 INFO received close evnet
utils  Fri, 29 Aug 2014 16:01:19 INFO start gui monitor
utils  Fri, 29 Aug 2014 16:01:19 INFO start update task progress
utils  Fri, 29 Aug 2014 16:01:19 INFO start task monitor
utils  Fri, 29 Aug 2014 16:01:19 INFO start running monitor
utils  Fri, 29 Aug 2014 16:01:49 INFO received close evnet
Traceback (most recent call last):
  File "mainframe.py", line 210, in <module>
    main()
  File "mainframe.py", line 206, in main
    window = MainFrame()
  File "mainframe.py", line 37, in __init__
    self.ui.setupUi(self)
  File "..\ui_templates\ui_mainform.py", line 133, in setupUi
    MainWindow.setCentralWidget(self.centralwidget)
AttributeError: 'MainFrame' object has no attribute 'setCentralWidget'
utils  Fri, 29 Aug 2014 16:17:25 INFO start gui monitor
utils  Fri, 29 Aug 2014 16:17:25 INFO start update task progress
utils  Fri, 29 Aug 2014 16:17:25 INFO start task monitor
utils  Fri, 29 Aug 2014 16:17:25 INFO start running monitor
utils  Fri, 29 Aug 2014 16:18:02 INFO received close evnet
Exception in thread Thread-2:
Traceback (most recent call last):
  File "C:\apps\Python34\lib\threading.py", line 920, in _bootstrap_inner
    self.run()
  File "C:\apps\Python34\lib\threading.py", line 868, in run
    self._target(*self._args, **self._kwargs)
  File "mainframe.py", line 59, in updateTaskProgress
    for taskName, progress in tasks_status.items():
  File "<string>", line 2, in items
  File "C:\apps\Python34\lib\multiprocessing\managers.py", line 731, in _callmethod
    conn.send((self._id, methodname, args, kwds))
  File "C:\apps\Python34\lib\multiprocessing\connection.py", line 206, in send
    self._send_bytes(ForkingPickler.dumps(obj))
  File "C:\apps\Python34\lib\multiprocessing\connection.py", line 280, in _send_bytes
    ov, err = _winapi.WriteFile(self._handle, buf, overlapped=True)
BrokenPipeError: [WinError 232] The pipe is being closed

Exception ignored in: <module 'threading' from 'C:\\apps\\Python34\\lib\\threading.py'>
Traceback (most recent call last):
  File "C:\apps\Python34\lib\threading.py", line 1294, in _shutdown
    t.join()
  File "C:\apps\Python34\lib\threading.py", line 1060, in join
    self._wait_for_tstate_lock()
  File "C:\apps\Python34\lib\threading.py", line 1076, in _wait_for_tstate_lock
    elif lock.acquire(block, timeout):
KeyboardInterrupt
utils  Fri, 29 Aug 2014 16:32:17 INFO start gui monitor
utils  Fri, 29 Aug 2014 16:32:17 INFO start update task progress
utils  Fri, 29 Aug 2014 16:32:17 INFO start running monitor
utils  Fri, 29 Aug 2014 16:32:17 INFO start task monitor
utils  Fri, 29 Aug 2014 16:32:24 INFO Task t1 is running
utils  Fri, 29 Aug 2014 16:32:24 INFO received task t1
utils  Fri, 29 Aug 2014 16:32:26 DEBUG first page max number 100
utils  Fri, 29 Aug 2014 16:32:27 DEBUG parsing http://s.1688.com/selloffer/-6B6579626F617264.html?pageSize=60&from=marketSearch&offset=3&beginPage=2
utils  Fri, 29 Aug 2014 16:32:28 DEBUG parsing http://s.1688.com/selloffer/-6B6579626F617264.html?pageSize=60&from=marketSearch&offset=3&beginPage=3
utils  Fri, 29 Aug 2014 16:32:31 DEBUG parsing http://s.1688.com/selloffer/-6B6579626F617264.html?pageSize=60&from=marketSearch&offset=3&beginPage=4
utils  Fri, 29 Aug 2014 16:32:32 DEBUG parsing http://shop1406047856219.1688.com
utils  Fri, 29 Aug 2014 16:32:32 DEBUG parsing http://gzjunxingcheng.1688.com
utils  Fri, 29 Aug 2014 16:32:32 DEBUG parsing http://pandtech.1688.com
utils  Fri, 29 Aug 2014 16:32:33 DEBUG parsing http://forevs.1688.com?tracelog=p4p
utils  Fri, 29 Aug 2014 16:32:34 DEBUG parsing http://pandtech.1688.com/page/creditdetail.htm#certifyInfo
utils  Fri, 29 Aug 2014 16:32:34 DEBUG parsing http://forevs.1688.com/page/creditdetail.htm
utils  Fri, 29 Aug 2014 16:32:34 DEBUG parsing http://shop1406047856219.1688.com/page/creditdetail.htm#certifyInfo
utils  Fri, 29 Aug 2014 16:32:35 DEBUG parsing http://gzjunxingcheng.1688.com/page/creditdetail.htm#certifyInfo
utils  Fri, 29 Aug 2014 16:32:35 DEBUG parsing http://exodus.1688.com/company/detail/b2b-1867730069.html?fromSite=company_site&tracelog=gsda_huangye
utils  Fri, 29 Aug 2014 16:32:35 DEBUG parsing http://exodus.1688.com/company/detail/yelinxi.html?fromSite=company_site&tracelog=gsda_huangye
utils  Fri, 29 Aug 2014 16:32:35 DEBUG parsing http://exodus.1688.com/company/detail/b2b-2142327599.html?fromSite=company_site&tracelog=gsda_huangye
utils  Fri, 29 Aug 2014 16:32:36 DEBUG parsing http://exodus.1688.com/company/detail/b2b-2037890505.html?fromSite=company_site&tracelog=gsda_huangye
utils  Fri, 29 Aug 2014 16:32:36 DEBUG parsing http://exodus.1688.com/company/detail/b2b-1867730069.html?fromSite=company_site&tab=companyWeb_contact
utils  Fri, 29 Aug 2014 16:32:36 DEBUG parsing http://exodus.1688.com/company/detail/yelinxi.html?fromSite=company_site&tab=companyWeb_contact
utils  Fri, 29 Aug 2014 16:32:36 INFO progress 25.0
utils  Fri, 29 Aug 2014 16:32:36 INFO progress 50.0
utils  Fri, 29 Aug 2014 16:32:36 DEBUG parsing http://exodus.1688.com/company/detail/b2b-2142327599.html?fromSite=company_site&tab=companyWeb_contact
utils  Fri, 29 Aug 2014 16:32:36 INFO progress 75.0
utils  Fri, 29 Aug 2014 16:32:36 DEBUG parsing http://exodus.1688.com/company/detail/b2b-2037890505.html?fromSite=company_site&tab=companyWeb_contact
utils  Fri, 29 Aug 2014 16:32:37 INFO progress 100.0
utils  Fri, 29 Aug 2014 16:32:37 INFO t1 100.0%
utils  Fri, 29 Aug 2014 16:32:38 INFO t1 100.0%
utils  Fri, 29 Aug 2014 16:32:39 INFO t1 100.0%
utils  Fri, 29 Aug 2014 16:32:39 INFO task t1 finished
utils  Fri, 29 Aug 2014 16:33:34 INFO Task t2 is running
utils  Fri, 29 Aug 2014 16:33:34 INFO received task t2
utils  Fri, 29 Aug 2014 16:33:43 DEBUG first page max number 100
utils  Fri, 29 Aug 2014 16:33:43 DEBUG parsing http://s.1688.com/selloffer/-6B6579626F617264.html?pageSize=60&from=marketSearch&offset=3&beginPage=2
utils  Fri, 29 Aug 2014 16:33:45 DEBUG parsing http://s.1688.com/selloffer/-6B6579626F617264.html?pageSize=60&from=marketSearch&offset=3&beginPage=3
utils  Fri, 29 Aug 2014 16:33:46 DEBUG parsing http://s.1688.com/selloffer/-6B6579626F617264.html?pageSize=60&from=marketSearch&offset=3&beginPage=4
utils  Fri, 29 Aug 2014 16:33:48 DEBUG parsing http://gzjunxingcheng.1688.com
utils  Fri, 29 Aug 2014 16:33:48 DEBUG parsing http://forevs.1688.com?tracelog=p4p
utils  Fri, 29 Aug 2014 16:33:48 DEBUG parsing http://shop1406047856219.1688.com
utils  Fri, 29 Aug 2014 16:33:48 DEBUG parsing http://pandtech.1688.com
utils  Fri, 29 Aug 2014 16:33:49 DEBUG parsing http://gzjunxingcheng.1688.com/page/creditdetail.htm#certifyInfo
utils  Fri, 29 Aug 2014 16:33:49 DEBUG parsing http://forevs.1688.com/page/creditdetail.htm
utils  Fri, 29 Aug 2014 16:33:49 DEBUG parsing http://shop1406047856219.1688.com/page/creditdetail.htm#certifyInfo
utils  Fri, 29 Aug 2014 16:33:49 DEBUG parsing http://exodus.1688.com/company/detail/b2b-2037890505.html?fromSite=company_site&tracelog=gsda_huangye
utils  Fri, 29 Aug 2014 16:33:50 DEBUG parsing http://pandtech.1688.com/page/creditdetail.htm#certifyInfo
utils  Fri, 29 Aug 2014 16:33:50 DEBUG parsing http://exodus.1688.com/company/detail/b2b-2142327599.html?fromSite=company_site&tracelog=gsda_huangye
utils  Fri, 29 Aug 2014 16:33:50 DEBUG parsing http://exodus.1688.com/company/detail/yelinxi.html?fromSite=company_site&tracelog=gsda_huangye
utils  Fri, 29 Aug 2014 16:33:50 DEBUG parsing http://exodus.1688.com/company/detail/b2b-2037890505.html?fromSite=company_site&tab=companyWeb_contact
utils  Fri, 29 Aug 2014 16:33:50 DEBUG parsing http://exodus.1688.com/company/detail/b2b-1867730069.html?fromSite=company_site&tracelog=gsda_huangye
utils  Fri, 29 Aug 2014 16:33:50 INFO progress 25.0
utils  Fri, 29 Aug 2014 16:33:50 DEBUG parsing http://exodus.1688.com/company/detail/b2b-2142327599.html?fromSite=company_site&tab=companyWeb_contact
utils  Fri, 29 Aug 2014 16:33:51 DEBUG parsing http://exodus.1688.com/company/detail/yelinxi.html?fromSite=company_site&tab=companyWeb_contact
utils  Fri, 29 Aug 2014 16:33:51 INFO t2 50.0%
utils  Fri, 29 Aug 2014 16:33:51 INFO progress 50.0
utils  Fri, 29 Aug 2014 16:33:51 INFO progress 75.0
utils  Fri, 29 Aug 2014 16:33:51 DEBUG parsing http://exodus.1688.com/company/detail/b2b-1867730069.html?fromSite=company_site&tab=companyWeb_contact
utils  Fri, 29 Aug 2014 16:33:51 INFO progress 100.0
utils  Fri, 29 Aug 2014 16:33:52 INFO t2 100.0%
utils  Fri, 29 Aug 2014 16:33:53 INFO t2 100.0%
utils  Fri, 29 Aug 2014 16:33:54 INFO t2 100.0%
utils  Fri, 29 Aug 2014 16:33:55 INFO t2 100.0%
utils  Fri, 29 Aug 2014 16:33:56 INFO task t2 finished
utils  Fri, 29 Aug 2014 16:36:17 INFO received close evnet
Exception in thread Thread-2:
Traceback (most recent call last):
  File "C:\apps\Python34\lib\threading.py", line 920, in _bootstrap_inner
    self.run()
  File "C:\apps\Python34\lib\threading.py", line 868, in run
    self._target(*self._args, **self._kwargs)
  File "mainframe.py", line 59, in updateTaskProgress
    for taskName, progress in tasks_status.items():
  File "<string>", line 2, in items
  File "C:\apps\Python34\lib\multiprocessing\managers.py", line 731, in _callmethod
    conn.send((self._id, methodname, args, kwds))
  File "C:\apps\Python34\lib\multiprocessing\connection.py", line 206, in send
    self._send_bytes(ForkingPickler.dumps(obj))
  File "C:\apps\Python34\lib\multiprocessing\connection.py", line 280, in _send_bytes
    ov, err = _winapi.WriteFile(self._handle, buf, overlapped=True)
BrokenPipeError: [WinError 232] The pipe is being closed

Exception ignored in: <module 'threading' from 'C:\\apps\\Python34\\lib\\threading.py'>
Traceback (most recent call last):
  File "C:\apps\Python34\lib\threading.py", line 1294, in _shutdown
    t.join()
  File "C:\apps\Python34\lib\threading.py", line 1060, in join
    self._wait_for_tstate_lock()
  File "C:\apps\Python34\lib\threading.py", line 1076, in _wait_for_tstate_lock
    elif lock.acquire(block, timeout):
KeyboardInterrupt
utils  Fri, 29 Aug 2014 16:36:45 INFO start gui monitor
utils  Fri, 29 Aug 2014 16:36:45 INFO start update task progress
utils  Fri, 29 Aug 2014 16:36:45 INFO start task monitor
utils  Fri, 29 Aug 2014 16:36:45 INFO start running monitor
utils  Fri, 29 Aug 2014 16:36:49 INFO current tab page <built-in method currentIndex of QTabWidget object at 0x0000000002981288>
utils  Fri, 29 Aug 2014 16:37:03 INFO received close evnet
Exception in thread Thread-2:
Traceback (most recent call last):
  File "C:\apps\Python34\lib\threading.py", line 920, in _bootstrap_inner
    self.run()
  File "C:\apps\Python34\lib\threading.py", line 868, in run
    self._target(*self._args, **self._kwargs)
  File "mainframe.py", line 59, in updateTaskProgress
    for taskName, progress in tasks_status.items():
  File "<string>", line 2, in items
  File "C:\apps\Python34\lib\multiprocessing\managers.py", line 731, in _callmethod
    conn.send((self._id, methodname, args, kwds))
  File "C:\apps\Python34\lib\multiprocessing\connection.py", line 206, in send
    self._send_bytes(ForkingPickler.dumps(obj))
  File "C:\apps\Python34\lib\multiprocessing\connection.py", line 280, in _send_bytes
    ov, err = _winapi.WriteFile(self._handle, buf, overlapped=True)
BrokenPipeError: [WinError 232] The pipe is being closed

Exception ignored in: <module 'threading' from 'C:\\apps\\Python34\\lib\\threading.py'>
Traceback (most recent call last):
  File "C:\apps\Python34\lib\threading.py", line 1294, in _shutdown
    t.join()
  File "C:\apps\Python34\lib\threading.py", line 1060, in join
    self._wait_for_tstate_lock()
  File "C:\apps\Python34\lib\threading.py", line 1076, in _wait_for_tstate_lock
    elif lock.acquire(block, timeout):
KeyboardInterrupt
utils  Fri, 29 Aug 2014 16:37:26 INFO start gui monitor
utils  Fri, 29 Aug 2014 16:37:26 INFO start update task progress
utils  Fri, 29 Aug 2014 16:37:26 INFO start running monitor
utils  Fri, 29 Aug 2014 16:37:26 INFO start task monitor
utils  Fri, 29 Aug 2014 16:38:13 INFO received close evnet
Traceback (most recent call last):
  File "mainframe.py", line 199, in contextMenuEvent
    debug.info('current tab page %s' % self.ui.tbwg_menubar.currentIndex.text())
AttributeError: 'builtin_function_or_method' object has no attribute 'text'
Traceback (most recent call last):
  File "mainframe.py", line 199, in contextMenuEvent
    debug.info('current tab page %s' % self.ui.tbwg_menubar.currentIndex.text())
AttributeError: 'builtin_function_or_method' object has no attribute 'text'
Traceback (most recent call last):
  File "mainframe.py", line 199, in contextMenuEvent
    debug.info('current tab page %s' % self.ui.tbwg_menubar.currentIndex.text())
AttributeError: 'builtin_function_or_method' object has no attribute 'text'
Traceback (most recent call last):
  File "mainframe.py", line 199, in contextMenuEvent
    debug.info('current tab page %s' % self.ui.tbwg_menubar.currentIndex.text())
AttributeError: 'builtin_function_or_method' object has no attribute 'text'
Traceback (most recent call last):
  File "mainframe.py", line 199, in contextMenuEvent
    debug.info('current tab page %s' % self.ui.tbwg_menubar.currentIndex.text())
AttributeError: 'builtin_function_or_method' object has no attribute 'text'
Traceback (most recent call last):
  File "mainframe.py", line 199, in contextMenuEvent
    debug.info('current tab page %s' % self.ui.tbwg_menubar.currentIndex.text())
AttributeError: 'builtin_function_or_method' object has no attribute 'text'
Traceback (most recent call last):
  File "mainframe.py", line 199, in contextMenuEvent
    debug.info('current tab page %s' % self.ui.tbwg_menubar.currentIndex.text())
AttributeError: 'builtin_function_or_method' object has no attribute 'text'
Traceback (most recent call last):
  File "mainframe.py", line 199, in contextMenuEvent
    debug.info('current tab page %s' % self.ui.tbwg_menubar.currentIndex.text())
AttributeError: 'builtin_function_or_method' object has no attribute 'text'
Traceback (most recent call last):
  File "mainframe.py", line 199, in contextMenuEvent
    debug.info('current tab page %s' % self.ui.tbwg_menubar.currentIndex.text())
AttributeError: 'builtin_function_or_method' object has no attribute 'text'
Traceback (most recent call last):
  File "mainframe.py", line 199, in contextMenuEvent
    debug.info('current tab page %s' % self.ui.tbwg_menubar.currentIndex.text())
AttributeError: 'builtin_function_or_method' object has no attribute 'text'
Traceback (most recent call last):
  File "mainframe.py", line 199, in contextMenuEvent
    debug.info('current tab page %s' % self.ui.tbwg_menubar.currentIndex.text())
AttributeError: 'builtin_function_or_method' object has no attribute 'text'
Traceback (most recent call last):
  File "mainframe.py", line 199, in contextMenuEvent
    debug.info('current tab page %s' % self.ui.tbwg_menubar.currentIndex.text())
AttributeError: 'builtin_function_or_method' object has no attribute 'text'
Traceback (most recent call last):
  File "mainframe.py", line 199, in contextMenuEvent
    debug.info('current tab page %s' % self.ui.tbwg_menubar.currentIndex.text())
AttributeError: 'builtin_function_or_method' object has no attribute 'text'
Traceback (most recent call last):
  File "mainframe.py", line 199, in contextMenuEvent
    debug.info('current tab page %s' % self.ui.tbwg_menubar.currentIndex.text())
AttributeError: 'builtin_function_or_method' object has no attribute 'text'
Traceback (most recent call last):
  File "mainframe.py", line 199, in contextMenuEvent
    debug.info('current tab page %s' % self.ui.tbwg_menubar.currentIndex.text())
AttributeError: 'builtin_function_or_method' object has no attribute 'text'
Traceback (most recent call last):
  File "mainframe.py", line 199, in contextMenuEvent
    debug.info('current tab page %s' % self.ui.tbwg_menubar.currentIndex.text())
AttributeError: 'builtin_function_or_method' object has no attribute 'text'
Exception in thread Thread-2:
Traceback (most recent call last):
  File "C:\apps\Python34\lib\threading.py", line 920, in _bootstrap_inner
    self.run()
  File "C:\apps\Python34\lib\threading.py", line 868, in run
    self._target(*self._args, **self._kwargs)
  File "mainframe.py", line 59, in updateTaskProgress
    for taskName, progress in tasks_status.items():
  File "<string>", line 2, in items
  File "C:\apps\Python34\lib\multiprocessing\managers.py", line 731, in _callmethod
    conn.send((self._id, methodname, args, kwds))
  File "C:\apps\Python34\lib\multiprocessing\connection.py", line 206, in send
    self._send_bytes(ForkingPickler.dumps(obj))
  File "C:\apps\Python34\lib\multiprocessing\connection.py", line 280, in _send_bytes
    ov, err = _winapi.WriteFile(self._handle, buf, overlapped=True)
BrokenPipeError: [WinError 232] The pipe is being closed

Exception ignored in: <module 'threading' from 'C:\\apps\\Python34\\lib\\threading.py'>
Traceback (most recent call last):
  File "C:\apps\Python34\lib\threading.py", line 1294, in _shutdown
    t.join()
  File "C:\apps\Python34\lib\threading.py", line 1060, in join
    self._wait_for_tstate_lock()
  File "C:\apps\Python34\lib\threading.py", line 1076, in _wait_for_tstate_lock
    elif lock.acquire(block, timeout):
KeyboardInterrupt
utils  Fri, 29 Aug 2014 16:41:23 INFO start gui monitor
utils  Fri, 29 Aug 2014 16:41:23 INFO start update task progress
utils  Fri, 29 Aug 2014 16:41:23 INFO start running monitor
utils  Fri, 29 Aug 2014 16:41:23 INFO start task monitor
utils  Fri, 29 Aug 2014 16:41:26 INFO current tab page 2
utils  Fri, 29 Aug 2014 16:41:29 INFO current tab page 1
utils  Fri, 29 Aug 2014 16:41:31 INFO current tab page 0
utils  Fri, 29 Aug 2014 16:41:33 INFO current tab page 2
utils  Fri, 29 Aug 2014 16:41:35 INFO current tab page 3
utils  Fri, 29 Aug 2014 16:41:44 INFO received close evnet
Exception in thread Thread-2:
Traceback (most recent call last):
  File "C:\apps\Python34\lib\threading.py", line 920, in _bootstrap_inner
    self.run()
  File "C:\apps\Python34\lib\threading.py", line 868, in run
    self._target(*self._args, **self._kwargs)
  File "mainframe.py", line 59, in updateTaskProgress
    for taskName, progress in tasks_status.items():
  File "<string>", line 2, in items
  File "C:\apps\Python34\lib\multiprocessing\managers.py", line 731, in _callmethod
    conn.send((self._id, methodname, args, kwds))
  File "C:\apps\Python34\lib\multiprocessing\connection.py", line 206, in send
    self._send_bytes(ForkingPickler.dumps(obj))
  File "C:\apps\Python34\lib\multiprocessing\connection.py", line 280, in _send_bytes
    ov, err = _winapi.WriteFile(self._handle, buf, overlapped=True)
BrokenPipeError: [WinError 232] The pipe is being closed

Exception ignored in: <module 'threading' from 'C:\\apps\\Python34\\lib\\threading.py'>
Traceback (most recent call last):
  File "C:\apps\Python34\lib\threading.py", line 1294, in _shutdown
    t.join()
  File "C:\apps\Python34\lib\threading.py", line 1060, in join
    self._wait_for_tstate_lock()
  File "C:\apps\Python34\lib\threading.py", line 1076, in _wait_for_tstate_lock
    elif lock.acquire(block, timeout):
KeyboardInterrupt
utils  Fri, 29 Aug 2014 16:42:07 INFO start gui monitor
utils  Fri, 29 Aug 2014 16:42:07 INFO start update task progress
utils  Fri, 29 Aug 2014 16:42:07 INFO start task monitor
utils  Fri, 29 Aug 2014 16:42:07 INFO start running monitor
utils  Fri, 29 Aug 2014 16:42:08 INFO received close evnet
utils  Fri, 29 Aug 2014 16:49:11 INFO start gui monitor
utils  Fri, 29 Aug 2014 16:49:11 INFO start update task progress
utils  Fri, 29 Aug 2014 16:49:12 INFO start running monitor
utils  Fri, 29 Aug 2014 16:49:12 INFO start task monitor
utils  Fri, 29 Aug 2014 16:49:29 INFO received close evnet
Traceback (most recent call last):
  File "mainframe.py", line 206, in contextMenuEvent
    debug.info('right button clicked %s' % item.text())
AttributeError: 'NoneType' object has no attribute 'text'
utils  Fri, 29 Aug 2014 16:49:40 INFO start gui monitor
utils  Fri, 29 Aug 2014 16:49:40 INFO start update task progress
utils  Fri, 29 Aug 2014 16:49:40 INFO start task monitor
utils  Fri, 29 Aug 2014 16:49:40 INFO start running monitor
utils  Fri, 29 Aug 2014 16:50:37 INFO received close evnet
Traceback (most recent call last):
  File "mainframe.py", line 205, in contextMenuEvent
    debug.info('right button clicked %s' % item.text())
AttributeError: 'NoneType' object has no attribute 'text'
Traceback (most recent call last):
  File "mainframe.py", line 205, in contextMenuEvent
    debug.info('right button clicked %s' % item.text())
AttributeError: 'NoneType' object has no attribute 'text'
Traceback (most recent call last):
  File "mainframe.py", line 205, in contextMenuEvent
    debug.info('right button clicked %s' % item.text())
AttributeError: 'NoneType' object has no attribute 'text'
Traceback (most recent call last):
  File "mainframe.py", line 205, in contextMenuEvent
    debug.info('right button clicked %s' % item.text())
AttributeError: 'NoneType' object has no attribute 'text'
Traceback (most recent call last):
  File "mainframe.py", line 205, in contextMenuEvent
    debug.info('right button clicked %s' % item.text())
AttributeError: 'NoneType' object has no attribute 'text'
Traceback (most recent call last):
  File "mainframe.py", line 205, in contextMenuEvent
    debug.info('right button clicked %s' % item.text())
AttributeError: 'NoneType' object has no attribute 'text'
Traceback (most recent call last):
  File "mainframe.py", line 205, in contextMenuEvent
    debug.info('right button clicked %s' % item.text())
AttributeError: 'NoneType' object has no attribute 'text'
Traceback (most recent call last):
  File "mainframe.py", line 205, in contextMenuEvent
    debug.info('right button clicked %s' % item.text())
AttributeError: 'NoneType' object has no attribute 'text'
Traceback (most recent call last):
  File "mainframe.py", line 205, in contextMenuEvent
    debug.info('right button clicked %s' % item.text())
AttributeError: 'NoneType' object has no attribute 'text'
Traceback (most recent call last):
  File "mainframe.py", line 205, in contextMenuEvent
    debug.info('right button clicked %s' % item.text())
AttributeError: 'NoneType' object has no attribute 'text'
Traceback (most recent call last):
  File "mainframe.py", line 205, in contextMenuEvent
    debug.info('right button clicked %s' % item.text())
AttributeError: 'NoneType' object has no attribute 'text'
Traceback (most recent call last):
  File "mainframe.py", line 205, in contextMenuEvent
    debug.info('right button clicked %s' % item.text())
AttributeError: 'NoneType' object has no attribute 'text'
Traceback (most recent call last):
  File "mainframe.py", line 205, in contextMenuEvent
    debug.info('right button clicked %s' % item.text())
AttributeError: 'NoneType' object has no attribute 'text'
Traceback (most recent call last):
  File "mainframe.py", line 205, in contextMenuEvent
    debug.info('right button clicked %s' % item.text())
AttributeError: 'NoneType' object has no attribute 'text'
Traceback (most recent call last):
  File "mainframe.py", line 205, in contextMenuEvent
    debug.info('right button clicked %s' % item.text())
AttributeError: 'NoneType' object has no attribute 'text'
Traceback (most recent call last):
  File "mainframe.py", line 205, in contextMenuEvent
    debug.info('right button clicked %s' % item.text())
AttributeError: 'NoneType' object has no attribute 'text'
Traceback (most recent call last):
  File "mainframe.py", line 205, in contextMenuEvent
    debug.info('right button clicked %s' % item.text())
AttributeError: 'NoneType' object has no attribute 'text'
Traceback (most recent call last):
  File "mainframe.py", line 205, in contextMenuEvent
    debug.info('right button clicked %s' % item.text())
AttributeError: 'NoneType' object has no attribute 'text'
Traceback (most recent call last):
  File "mainframe.py", line 205, in contextMenuEvent
    debug.info('right button clicked %s' % item.text())
AttributeError: 'NoneType' object has no attribute 'text'
Traceback (most recent call last):
  File "mainframe.py", line 205, in contextMenuEvent
    debug.info('right button clicked %s' % item.text())
AttributeError: 'NoneType' object has no attribute 'text'
Traceback (most recent call last):
  File "mainframe.py", line 205, in contextMenuEvent
    debug.info('right button clicked %s' % item.text())
AttributeError: 'NoneType' object has no attribute 'text'
Traceback (most recent call last):
  File "mainframe.py", line 205, in contextMenuEvent
    debug.info('right button clicked %s' % item.text())
AttributeError: 'NoneType' object has no attribute 'text'
Traceback (most recent call last):
  File "mainframe.py", line 205, in contextMenuEvent
    debug.info('right button clicked %s' % item.text())
AttributeError: 'NoneType' object has no attribute 'text'
Traceback (most recent call last):
  File "mainframe.py", line 205, in contextMenuEvent
    debug.info('right button clicked %s' % item.text())
AttributeError: 'NoneType' object has no attribute 'text'
Traceback (most recent call last):
  File "mainframe.py", line 205, in contextMenuEvent
    debug.info('right button clicked %s' % item.text())
AttributeError: 'NoneType' object has no attribute 'text'
Traceback (most recent call last):
  File "mainframe.py", line 205, in contextMenuEvent
    debug.info('right button clicked %s' % item.text())
AttributeError: 'NoneType' object has no attribute 'text'
Traceback (most recent call last):
  File "mainframe.py", line 205, in contextMenuEvent
    debug.info('right button clicked %s' % item.text())
AttributeError: 'NoneType' object has no attribute 'text'
Traceback (most recent call last):
  File "mainframe.py", line 205, in contextMenuEvent
    debug.info('right button clicked %s' % item.text())
AttributeError: 'NoneType' object has no attribute 'text'
Traceback (most recent call last):
  File "mainframe.py", line 205, in contextMenuEvent
    debug.info('right button clicked %s' % item.text())
AttributeError: 'NoneType' object has no attribute 'text'
utils  Fri, 29 Aug 2014 16:50:42 INFO start gui monitor
utils  Fri, 29 Aug 2014 16:50:42 INFO start update task progress
utils  Fri, 29 Aug 2014 16:50:42 INFO start running monitor
utils  Fri, 29 Aug 2014 16:50:42 INFO start task monitor
utils  Fri, 29 Aug 2014 16:53:18 INFO received close evnet
utils  Fri, 29 Aug 2014 16:53:43 INFO start gui monitor
utils  Fri, 29 Aug 2014 16:53:43 INFO start update task progress
utils  Fri, 29 Aug 2014 16:53:44 INFO start task monitor
utils  Fri, 29 Aug 2014 16:53:44 INFO start running monitor
utils  Fri, 29 Aug 2014 16:53:47 INFO right button clicked
utils  Fri, 29 Aug 2014 16:53:48 INFO right button clicked
utils  Fri, 29 Aug 2014 16:53:53 INFO right button clicked
utils  Fri, 29 Aug 2014 16:53:54 INFO right button clicked
utils  Fri, 29 Aug 2014 16:57:00 INFO received close evnet
utils  Fri, 29 Aug 2014 16:57:05 INFO start gui monitor
utils  Fri, 29 Aug 2014 16:57:05 INFO start update task progress
utils  Fri, 29 Aug 2014 16:57:05 INFO start task monitor
utils  Fri, 29 Aug 2014 16:57:05 INFO start running monitor
utils  Fri, 29 Aug 2014 16:57:08 INFO right button clicked
utils  Fri, 29 Aug 2014 16:57:09 INFO right button clicked
utils  Fri, 29 Aug 2014 16:57:09 INFO current row t2
utils  Fri, 29 Aug 2014 16:57:15 INFO right button clicked
utils  Fri, 29 Aug 2014 16:57:17 INFO right button clicked
utils  Fri, 29 Aug 2014 16:57:17 INFO current row t1
utils  Fri, 29 Aug 2014 16:57:19 INFO right button clicked
utils  Fri, 29 Aug 2014 16:57:19 INFO right button clicked
utils  Fri, 29 Aug 2014 16:57:19 INFO current row t2
utils  Fri, 29 Aug 2014 16:57:19 INFO right button clicked
utils  Fri, 29 Aug 2014 16:57:20 INFO right button clicked
utils  Fri, 29 Aug 2014 16:57:20 INFO current row t1
utils  Fri, 29 Aug 2014 16:57:20 INFO right button clicked
utils  Fri, 29 Aug 2014 16:57:21 INFO right button clicked
utils  Fri, 29 Aug 2014 16:57:21 INFO current row t2
utils  Fri, 29 Aug 2014 16:57:21 INFO right button clicked
utils  Fri, 29 Aug 2014 16:57:21 INFO right button clicked
utils  Fri, 29 Aug 2014 16:57:21 INFO current row t1
utils  Fri, 29 Aug 2014 16:57:22 INFO right button clicked
utils  Fri, 29 Aug 2014 16:57:22 INFO right button clicked
utils  Fri, 29 Aug 2014 16:57:22 INFO current row t2
utils  Fri, 29 Aug 2014 16:57:22 INFO right button clicked
utils  Fri, 29 Aug 2014 16:57:23 INFO right button clicked
utils  Fri, 29 Aug 2014 16:57:23 INFO current row t1
utils  Fri, 29 Aug 2014 16:58:52 INFO right button clicked
utils  Fri, 29 Aug 2014 16:58:52 INFO right button clicked
utils  Fri, 29 Aug 2014 16:58:52 INFO current row t1
utils  Fri, 29 Aug 2014 16:58:52 INFO right button clicked
utils  Fri, 29 Aug 2014 16:58:54 INFO right button clicked
utils  Fri, 29 Aug 2014 16:58:54 INFO current row t1
utils  Fri, 29 Aug 2014 16:58:55 INFO received close evnet
utils  Fri, 29 Aug 2014 16:59:12 INFO start gui monitor
utils  Fri, 29 Aug 2014 16:59:12 INFO start update task progress
utils  Fri, 29 Aug 2014 16:59:13 INFO start task monitor
utils  Fri, 29 Aug 2014 16:59:13 INFO start running monitor
utils  Fri, 29 Aug 2014 16:59:17 INFO current row t1
utils  Fri, 29 Aug 2014 16:59:18 INFO current row t1
utils  Fri, 29 Aug 2014 16:59:19 INFO current row t1
utils  Fri, 29 Aug 2014 16:59:21 INFO current row t1
utils  Fri, 29 Aug 2014 16:59:24 INFO current row t1
utils  Fri, 29 Aug 2014 16:59:25 INFO current row t2
utils  Fri, 29 Aug 2014 16:59:27 INFO current row t1
utils  Fri, 29 Aug 2014 16:59:29 INFO current row t2
utils  Fri, 29 Aug 2014 16:59:30 INFO current row t1
utils  Fri, 29 Aug 2014 16:59:31 INFO current row t1
utils  Fri, 29 Aug 2014 16:59:31 INFO current row t2
utils  Fri, 29 Aug 2014 16:59:32 INFO current row t1
utils  Fri, 29 Aug 2014 16:59:33 INFO current row t2
utils  Fri, 29 Aug 2014 16:59:33 INFO current row t1
utils  Fri, 29 Aug 2014 16:59:34 INFO current row t2
utils  Fri, 29 Aug 2014 16:59:44 INFO current row t2
utils  Fri, 29 Aug 2014 16:59:45 INFO current row t1
utils  Fri, 29 Aug 2014 16:59:45 INFO current row t1
utils  Fri, 29 Aug 2014 16:59:49 INFO current row t1
utils  Fri, 29 Aug 2014 16:59:53 INFO current row t1
utils  Fri, 29 Aug 2014 16:59:55 INFO current row t1
utils  Fri, 29 Aug 2014 16:59:57 INFO current row t1
utils  Fri, 29 Aug 2014 16:59:57 INFO current row t1
utils  Fri, 29 Aug 2014 17:00:01 INFO current row t1
utils  Fri, 29 Aug 2014 17:00:01 INFO current row t1
utils  Fri, 29 Aug 2014 17:00:02 INFO current row t1
utils  Fri, 29 Aug 2014 17:00:03 INFO current row t1
utils  Fri, 29 Aug 2014 17:00:03 INFO current row t1
utils  Fri, 29 Aug 2014 17:02:30 INFO received close evnet
utils  Fri, 29 Aug 2014 17:02:43 INFO start gui monitor
utils  Fri, 29 Aug 2014 17:02:43 INFO start update task progress
utils  Fri, 29 Aug 2014 17:02:43 INFO start task monitor
utils  Fri, 29 Aug 2014 17:02:43 INFO start running monitor
utils  Fri, 29 Aug 2014 17:02:47 INFO current row t1
utils  Fri, 29 Aug 2014 17:02:49 INFO current row t2
utils  Fri, 29 Aug 2014 17:02:50 INFO current row t1
utils  Fri, 29 Aug 2014 17:02:53 INFO current row t1
utils  Fri, 29 Aug 2014 17:02:54 INFO current row t1
utils  Fri, 29 Aug 2014 17:02:55 INFO current row t1
utils  Fri, 29 Aug 2014 17:03:03 INFO current row t1
utils  Fri, 29 Aug 2014 17:03:05 INFO current row t1
utils  Fri, 29 Aug 2014 17:03:06 INFO current row t1
utils  Fri, 29 Aug 2014 17:03:07 INFO current row t1
utils  Fri, 29 Aug 2014 17:03:16 INFO current row t1
utils  Fri, 29 Aug 2014 17:03:21 INFO current row t1
utils  Fri, 29 Aug 2014 17:03:24 INFO current row t1
utils  Fri, 29 Aug 2014 17:05:18 INFO current row t1
utils  Fri, 29 Aug 2014 17:05:30 INFO current row t2
utils  Fri, 29 Aug 2014 17:05:35 INFO current row t2
utils  Fri, 29 Aug 2014 17:05:39 INFO current row t1
utils  Fri, 29 Aug 2014 17:05:45 INFO current row t1
utils  Fri, 29 Aug 2014 17:05:58 INFO current row t1
utils  Fri, 29 Aug 2014 17:05:59 INFO current row t2
utils  Fri, 29 Aug 2014 17:05:59 INFO current row t2
utils  Fri, 29 Aug 2014 17:06:00 INFO current row t2
utils  Fri, 29 Aug 2014 17:06:02 INFO received close evnet
utils  Fri, 29 Aug 2014 17:12:29 INFO start gui monitor
utils  Fri, 29 Aug 2014 17:12:29 INFO start update task progress
utils  Fri, 29 Aug 2014 17:12:29 INFO start task monitor
utils  Fri, 29 Aug 2014 17:12:29 INFO start running monitor
utils  Fri, 29 Aug 2014 17:12:53 INFO received close evnet
utils  Fri, 29 Aug 2014 17:14:34 INFO start gui monitor
utils  Fri, 29 Aug 2014 17:14:34 INFO start update task progress
utils  Fri, 29 Aug 2014 17:14:34 INFO start task monitor
utils  Fri, 29 Aug 2014 17:14:34 INFO start running monitor
utils  Fri, 29 Aug 2014 17:15:15 INFO received close evnet
utils  Fri, 29 Aug 2014 17:15:43 INFO start gui monitor
utils  Fri, 29 Aug 2014 17:15:43 INFO start update task progress
utils  Fri, 29 Aug 2014 17:15:43 INFO start running monitor
utils  Fri, 29 Aug 2014 17:15:43 INFO start task monitor
utils  Fri, 29 Aug 2014 17:24:45 INFO received close evnet
Traceback (most recent call last):
  File "mainframe.py", line 228, in <module>
    main()
  File "mainframe.py", line 224, in main
    window = MainFrame()
  File "mainframe.py", line 45, in __init__
    self.actionExportToExcel.connect(self.onExportToExcel)
AttributeError: 'QAction' object has no attribute 'connect'
utils  Fri, 29 Aug 2014 17:28:05 INFO start gui monitor
utils  Fri, 29 Aug 2014 17:28:05 INFO start update task progress
utils  Fri, 29 Aug 2014 17:28:05 INFO start task monitor
utils  Fri, 29 Aug 2014 17:28:05 INFO start running monitor
utils  Fri, 29 Aug 2014 17:29:29 INFO received close evnet
utils  Fri, 29 Aug 2014 17:34:49 INFO start gui monitor
utils  Fri, 29 Aug 2014 17:34:49 INFO start update task progress
utils  Fri, 29 Aug 2014 17:34:49 INFO start task monitor
utils  Fri, 29 Aug 2014 17:34:49 INFO start running monitor
utils  Fri, 29 Aug 2014 17:35:03 INFO received close evnet
utils  Fri, 29 Aug 2014 17:37:52 INFO start gui monitor
utils  Fri, 29 Aug 2014 17:37:52 INFO start update task progress
utils  Fri, 29 Aug 2014 17:37:52 INFO start task monitor
utils  Fri, 29 Aug 2014 17:37:52 INFO start running monitor
utils  Fri, 29 Aug 2014 17:38:03 INFO received close evnet
Traceback (most recent call last):
  File "mainframe.py", line 230, in <module>
    main()
  File "mainframe.py", line 226, in main
    window = MainFrame()
  File "mainframe.py", line 44, in __init__
    self.on_actionExportToExcel_triggered)
TypeError: arguments did not match any overloaded call:
  QAction(QObject): argument 1 has unexpected type 'str'
  QAction(str, QObject): argument 2 has unexpected type 'method'
  QAction(QIcon, str, QObject): argument 1 has unexpected type 'str'
Traceback (most recent call last):
  File "mainframe.py", line 230, in <module>
    main()
  File "mainframe.py", line 226, in main
    window = MainFrame()
  File "mainframe.py", line 44, in __init__
    self.onExportToExcel)
TypeError: arguments did not match any overloaded call:
  QAction(QObject): argument 1 has unexpected type 'str'
  QAction(str, QObject): argument 2 has unexpected type 'method'
  QAction(QIcon, str, QObject): argument 1 has unexpected type 'str'
utils  Fri, 29 Aug 2014 17:49:36 INFO start gui monitor
utils  Fri, 29 Aug 2014 17:49:36 INFO start update task progress
utils  Fri, 29 Aug 2014 17:49:37 INFO start running monitor
utils  Fri, 29 Aug 2014 17:49:37 INFO start task monitor
utils  Fri, 29 Aug 2014 17:49:43 INFO actionExportToExcel
utils  Fri, 29 Aug 2014 17:50:40 INFO received close evnet
utils  Fri, 29 Aug 2014 17:50:43 INFO start gui monitor
utils  Fri, 29 Aug 2014 17:50:43 INFO start update task progress
utils  Fri, 29 Aug 2014 17:50:43 INFO start task monitor
utils  Fri, 29 Aug 2014 17:50:43 INFO start running monitor
utils  Fri, 29 Aug 2014 17:50:47 INFO t2 on export to excel
utils  Fri, 29 Aug 2014 17:50:51 INFO t1 on export to excel
utils  Fri, 29 Aug 2014 17:50:57 INFO t1 on export to excel
utils  Fri, 29 Aug 2014 17:50:59 INFO t1 on export to excel
utils  Fri, 29 Aug 2014 17:51:25 INFO t1 on export to excel
utils  Fri, 29 Aug 2014 17:57:51 INFO received close evnet
utils  Fri, 29 Aug 2014 17:59:07 INFO start gui monitor
utils  Fri, 29 Aug 2014 17:59:07 INFO start update task progress
utils  Fri, 29 Aug 2014 17:59:07 INFO start task monitor
utils  Fri, 29 Aug 2014 17:59:07 INFO start running monitor
utils  Fri, 29 Aug 2014 17:59:10 INFO received close evnet
